<?xml version="1.0" encoding="UTF-8"?>
<testng-results skipped="0" failed="0" ignored="0" total="1" passed="1">
  <reporter-output>
  </reporter-output>
  <suite name="Suite" duration-ms="19156" started-at="2020-05-15T15:12:01Z" finished-at="2020-05-15T15:12:20Z">
    <groups>
    </groups>
    <test name="Test" duration-ms="19156" started-at="2020-05-15T15:12:01Z" finished-at="2020-05-15T15:12:20Z">
      <class name="Package1.SimpleTest">
        <test-method status="PASS" signature="start()[pri:0, instance:Package1.SimpleTest@475530b9]" name="start" duration-ms="19122" started-at="2020-05-15T15:12:01Z" finished-at="2020-05-15T15:12:20Z">
          <reporter-output>
          </reporter-output>
        </test-method> <!-- start -->
      </class> <!-- Package1.SimpleTest -->
    </test> <!-- Test -->
  </suite> <!-- Suite -->
</testng-results>
